Traceback (most recent call last):
  File "D:\Perkuliahan\Semester 5\Poyek Sains Data\PSD\venv_py\Lib\site-packages\jupyter_cache\executors\utils.py", line 58, in single_nb_execution
    executenb(
    ~~~~~~~~~^
        nb,
        ^^^
    ...<4 lines>...
        **kwargs,
        ^^^^^^^^^
    )
    ^
  File "D:\Perkuliahan\Semester 5\Poyek Sains Data\PSD\venv_py\Lib\site-packages\nbclient\client.py", line 1319, in execute
    return NotebookClient(nb=nb, resources=resources, km=km, **kwargs).execute()
           ~~~~~~~~~~~~~~~~~~~~~~~~~~~~~~~~~~~~~~~~~~~~~~~~~~~~~~~~~~~~~~~~~~~^^
  File "D:\Perkuliahan\Semester 5\Poyek Sains Data\PSD\venv_py\Lib\site-packages\jupyter_core\utils\__init__.py", line 165, in wrapped
    return loop.run_until_complete(inner)
           ~~~~~~~~~~~~~~~~~~~~~~~^^^^^^^
  File "C:\Users\MyBook Z Series\AppData\Local\Python\pythoncore-3.13-64\Lib\asyncio\base_events.py", line 725, in run_until_complete
    return future.result()
           ~~~~~~~~~~~~~^^
  File "D:\Perkuliahan\Semester 5\Poyek Sains Data\PSD\venv_py\Lib\site-packages\nbclient\client.py", line 709, in async_execute
    await self.async_execute_cell(
        cell, index, execution_count=self.code_cells_executed + 1
    )
  File "D:\Perkuliahan\Semester 5\Poyek Sains Data\PSD\venv_py\Lib\site-packages\nbclient\client.py", line 1062, in async_execute_cell
    await self._check_raise_for_error(cell, cell_index, exec_reply)
  File "D:\Perkuliahan\Semester 5\Poyek Sains Data\PSD\venv_py\Lib\site-packages\nbclient\client.py", line 918, in _check_raise_for_error
    raise CellExecutionError.from_cell_and_msg(cell, exec_reply_content)
nbclient.exceptions.CellExecutionError: An error occurred while executing the following cell:
------------------
# --- Persiapan Data untuk Seleksi Fitur ---
print("\n--- Mempersiapkan Data untuk Seleksi Fitur ---")

# Menghapus kolom yang mungkin mengandung nilai NaN (Not a Number) atau Infinity
features_df.replace([np.inf, -np.inf], np.nan, inplace=True)
features_df.dropna(axis=1, inplace=True) # Menghapus kolom jika ada NaN

# Memisahkan antara fitur (X) dan label (y)
X = features_df.drop('label', axis=1)
y_text = features_df['label']

# Label Encoding: Mengubah label teks ('buka', 'tutup') menjadi angka (0, 1)
le = LabelEncoder()
y = le.fit_transform(y_text)
print(f"Label '{le.classes_[0]}' diubah menjadi 0, dan '{le.classes_[1]}' diubah menjadi 1.")

# Feature Scaling: Menyamakan rentang nilai semua fitur antara 0 dan 1.
scaler = MinMaxScaler()
X_scaled = scaler.fit_transform(X)
X_scaled = pd.DataFrame(X_scaled, columns=X.columns)

print("Data siap untuk seleksi fitur.")
------------------

----- stdout -----

--- Mempersiapkan Data untuk Seleksi Fitur ---
------------------

[31m---------------------------------------------------------------------------[39m
[31mNameError[39m                                 Traceback (most recent call last)
[36mCell[39m[36m [39m[32mIn[6][39m[32m, line 5[39m
[32m      2[39m [38;5;28mprint[39m([33m"[39m[38;5;130;01m\n[39;00m[33m--- Mempersiapkan Data untuk Seleksi Fitur ---[39m[33m"[39m)
[32m      4[39m [38;5;66;03m# Menghapus kolom yang mungkin mengandung nilai NaN (Not a Number) atau Infinity[39;00m
[32m----> [39m[32m5[39m [43mfeatures_df[49m.replace([np.inf, -np.inf], np.nan, inplace=[38;5;28;01mTrue[39;00m)
[32m      6[39m features_df.dropna(axis=[32m1[39m, inplace=[38;5;28;01mTrue[39;00m) [38;5;66;03m# Menghapus kolom jika ada NaN[39;00m
[32m      8[39m [38;5;66;03m# Memisahkan antara fitur (X) dan label (y)[39;00m

[31mNameError[39m: name 'features_df' is not defined

