2025-09-15 08:40:23,850:WARNING:
'cuml' is a soft dependency and not included in the pycaret installation. Please run: `pip install cuml` to install.
2025-09-15 08:40:23,851:WARNING:
'cuml' is a soft dependency and not included in the pycaret installation. Please run: `pip install cuml` to install.
2025-09-15 08:40:23,851:WARNING:
'cuml' is a soft dependency and not included in the pycaret installation. Please run: `pip install cuml` to install.
2025-09-15 08:40:23,851:WARNING:
'cuml' is a soft dependency and not included in the pycaret installation. Please run: `pip install cuml` to install.
2025-09-15 08:40:40,846:INFO:PyCaret AnomalyExperiment
2025-09-15 08:40:40,847:INFO:Logging name: anomaly-default-name
2025-09-15 08:40:40,847:INFO:ML Usecase: MLUsecase.ANOMALY
2025-09-15 08:40:40,847:INFO:version 3.3.2
2025-09-15 08:40:40,847:INFO:Initializing setup()
2025-09-15 08:40:40,847:INFO:self.USI: 2761
2025-09-15 08:40:40,847:INFO:self._variable_keys: {'idx', 'USI', 'n_jobs_param', '_available_plots', '_ml_usecase', 'gpu_param', 'pipeline', 'X', 'seed', 'log_plots_param', 'data', 'memory', 'gpu_n_jobs_param', 'logging_param', 'html_param', 'exp_name_log', 'exp_id'}
2025-09-15 08:40:40,847:INFO:Checking environment
2025-09-15 08:40:40,848:INFO:python_version: 3.11.9
2025-09-15 08:40:40,848:INFO:python_build: ('tags/v3.11.9:de54cf5', 'Apr  2 2024 10:12:12')
2025-09-15 08:40:40,848:INFO:machine: AMD64
2025-09-15 08:40:40,848:INFO:platform: Windows-10-10.0.26100-SP0
2025-09-15 08:40:40,848:INFO:Memory: svmem(total=16908984320, available=1138593792, percent=93.3, used=15770390528, free=1138593792)
2025-09-15 08:40:40,848:INFO:Physical Core: 10
2025-09-15 08:40:40,848:INFO:Logical Core: 12
2025-09-15 08:40:40,848:INFO:Checking libraries
2025-09-15 08:40:40,848:INFO:System:
2025-09-15 08:40:40,848:INFO:    python: 3.11.9 (tags/v3.11.9:de54cf5, Apr  2 2024, 10:12:12) [MSC v.1938 64 bit (AMD64)]
2025-09-15 08:40:40,848:INFO:executable: d:\Perkuliahan\Semester 5\Poyek Sains Data\PSD\.venv\Scripts\python.exe
2025-09-15 08:40:40,849:INFO:   machine: Windows-10-10.0.26100-SP0
2025-09-15 08:40:40,849:INFO:PyCaret required dependencies:
2025-09-15 08:40:41,068:INFO:                 pip: 25.2
2025-09-15 08:40:41,068:INFO:          setuptools: 65.5.0
2025-09-15 08:40:41,068:INFO:             pycaret: 3.3.2
2025-09-15 08:40:41,068:INFO:             IPython: 9.5.0
2025-09-15 08:40:41,068:INFO:          ipywidgets: 8.1.7
2025-09-15 08:40:41,068:INFO:                tqdm: 4.67.1
2025-09-15 08:40:41,068:INFO:               numpy: 1.26.4
2025-09-15 08:40:41,068:INFO:              pandas: 2.1.4
2025-09-15 08:40:41,068:INFO:              jinja2: 3.1.6
2025-09-15 08:40:41,068:INFO:               scipy: 1.11.4
2025-09-15 08:40:41,068:INFO:              joblib: 1.3.2
2025-09-15 08:40:41,069:INFO:             sklearn: 1.4.2
2025-09-15 08:40:41,069:INFO:                pyod: 2.0.5
2025-09-15 08:40:41,069:INFO:            imblearn: 0.14.0
2025-09-15 08:40:41,069:INFO:   category_encoders: 2.7.0
2025-09-15 08:40:41,069:INFO:            lightgbm: 4.6.0
2025-09-15 08:40:41,069:INFO:               numba: 0.61.2
2025-09-15 08:40:41,069:INFO:            requests: 2.32.5
2025-09-15 08:40:41,069:INFO:          matplotlib: 3.7.5
2025-09-15 08:40:41,069:INFO:          scikitplot: 0.3.7
2025-09-15 08:40:41,069:INFO:         yellowbrick: 1.5
2025-09-15 08:40:41,069:INFO:              plotly: 6.3.0
2025-09-15 08:40:41,069:INFO:    plotly-resampler: Not installed
2025-09-15 08:40:41,069:INFO:             kaleido: 1.1.0
2025-09-15 08:40:41,069:INFO:           schemdraw: 0.15
2025-09-15 08:40:41,069:INFO:         statsmodels: 0.14.5
2025-09-15 08:40:41,069:INFO:              sktime: 0.26.0
2025-09-15 08:40:41,069:INFO:               tbats: 1.1.3
2025-09-15 08:40:41,069:INFO:            pmdarima: 2.0.4
2025-09-15 08:40:41,069:INFO:              psutil: 7.0.0
2025-09-15 08:40:41,069:INFO:          markupsafe: 3.0.2
2025-09-15 08:40:41,069:INFO:             pickle5: Not installed
2025-09-15 08:40:41,069:INFO:         cloudpickle: 3.1.1
2025-09-15 08:40:41,069:INFO:         deprecation: 2.1.0
2025-09-15 08:40:41,069:INFO:              xxhash: 3.5.0
2025-09-15 08:40:41,069:INFO:           wurlitzer: Not installed
2025-09-15 08:40:41,070:INFO:PyCaret optional dependencies:
2025-09-15 08:40:41,111:INFO:                shap: Not installed
2025-09-15 08:40:41,111:INFO:           interpret: Not installed
2025-09-15 08:40:41,111:INFO:                umap: Not installed
2025-09-15 08:40:41,111:INFO:     ydata_profiling: Not installed
2025-09-15 08:40:41,112:INFO:  explainerdashboard: Not installed
2025-09-15 08:40:41,112:INFO:             autoviz: Not installed
2025-09-15 08:40:41,112:INFO:           fairlearn: Not installed
2025-09-15 08:40:41,112:INFO:          deepchecks: Not installed
2025-09-15 08:40:41,112:INFO:             xgboost: Not installed
2025-09-15 08:40:41,112:INFO:            catboost: Not installed
2025-09-15 08:40:41,112:INFO:              kmodes: Not installed
2025-09-15 08:40:41,112:INFO:             mlxtend: Not installed
2025-09-15 08:40:41,112:INFO:       statsforecast: Not installed
2025-09-15 08:40:41,112:INFO:        tune_sklearn: Not installed
2025-09-15 08:40:41,112:INFO:                 ray: Not installed
2025-09-15 08:40:41,112:INFO:            hyperopt: Not installed
2025-09-15 08:40:41,112:INFO:              optuna: Not installed
2025-09-15 08:40:41,113:INFO:               skopt: Not installed
2025-09-15 08:40:41,113:INFO:              mlflow: Not installed
2025-09-15 08:40:41,113:INFO:              gradio: Not installed
2025-09-15 08:40:41,113:INFO:             fastapi: Not installed
2025-09-15 08:40:41,113:INFO:             uvicorn: Not installed
2025-09-15 08:40:41,113:INFO:              m2cgen: Not installed
2025-09-15 08:40:41,113:INFO:           evidently: Not installed
2025-09-15 08:40:41,113:INFO:               fugue: Not installed
2025-09-15 08:40:41,113:INFO:           streamlit: Not installed
2025-09-15 08:40:41,113:INFO:             prophet: Not installed
2025-09-15 08:40:41,113:INFO:None
2025-09-15 08:40:41,113:INFO:Set up data.
2025-09-15 08:40:41,120:INFO:Set up index.
2025-09-15 08:40:41,121:INFO:Assigning column types.
2025-09-15 08:40:41,134:INFO:Engine successfully changes for model 'kmeans' to 'sklearn'.
2025-09-15 08:40:46,198:INFO:Engine successfully changes for model 'dbscan' to 'sklearn'.
2025-09-15 08:40:46,223:INFO:Preparing preprocessing pipeline...
2025-09-15 08:40:46,223:INFO:Set up simple imputation.
2025-09-15 08:40:46,259:INFO:Finished creating preprocessing pipeline.
2025-09-15 08:40:46,287:INFO:Pipeline: Pipeline(memory=FastMemory(location=C:\Users\MYBOOK~1\AppData\Local\Temp\joblib),
         steps=[('numerical_imputer',
                 TransformerWrapper(include=['id', 'sepal_length',
                                             'sepal_width', 'petal_length',
                                             'petal_width'],
                                    transformer=SimpleImputer())),
                ('categorical_imputer',
                 TransformerWrapper(include=[],
                                    transformer=SimpleImputer(strategy='most_frequent')))])
2025-09-15 08:40:46,288:INFO:Creating final display dataframe.
2025-09-15 08:40:46,330:INFO:Setup _display_container:                Description                 Value
0               Session id                   123
1      Original data shape              (150, 5)
2   Transformed data shape              (150, 5)
3         Numeric features                     5
4               Preprocess                  True
5          Imputation type                simple
6       Numeric imputation                  mean
7   Categorical imputation                  mode
8                 CPU Jobs                    -1
9                  Use GPU                 False
10          Log Experiment                 False
11         Experiment Name  anomaly-default-name
12                     USI                  2761
2025-09-15 08:40:46,354:INFO:setup() successfully completed in 5.52s...............
2025-09-15 08:40:46,356:INFO:Initializing create_model()
2025-09-15 08:40:46,356:INFO:create_model(self=<pycaret.anomaly.oop.AnomalyExperiment object at 0x000001AA8209BD50>, estimator=iforest, num_clusters=4, fraction=0.05, ground_truth=None, round=4, fit_kwargs=None, experiment_custom_tags=None, verbose=True, system=True, add_to_model_list=True, raise_num_clusters=False, display=None, kwargs={})
2025-09-15 08:40:46,356:INFO:Checking exceptions
2025-09-15 08:40:46,441:INFO:Importing untrained model
2025-09-15 08:40:46,450:INFO:Isolation Forest Imported successfully
2025-09-15 08:40:46,466:INFO:Fitting Model
2025-09-15 08:40:46,915:INFO:IForest(behaviour='new', bootstrap=False, contamination=0.05,
    max_features=1.0, max_samples='auto', n_estimators=100, n_jobs=-1,
    random_state=123, verbose=0)
2025-09-15 08:40:46,915:INFO:create_models() successfully completed......................................
2025-09-15 08:40:46,931:INFO:Uploading results into container
2025-09-15 08:40:46,931:INFO:Uploading model into container now
2025-09-15 08:40:46,940:INFO:_master_model_container: 1
2025-09-15 08:40:46,940:INFO:_display_container: 1
2025-09-15 08:40:46,942:INFO:IForest(behaviour='new', bootstrap=False, contamination=0.05,
    max_features=1.0, max_samples='auto', n_estimators=100, n_jobs=-1,
    random_state=123, verbose=0)
2025-09-15 08:40:46,943:INFO:create_model() successfully completed......................................
2025-09-15 08:40:47,239:INFO:Initializing assign_model()
2025-09-15 08:40:47,240:INFO:assign_model(self=<pycaret.anomaly.oop.AnomalyExperiment object at 0x000001AA8209BD50>, model=IForest(behaviour='new', bootstrap=False, contamination=0.05,
    max_features=1.0, max_samples='auto', n_estimators=100, n_jobs=-1,
    random_state=123, verbose=0), transformation=False, score=True, verbose=True)
2025-09-15 08:40:47,241:INFO:Checking exceptions
2025-09-15 08:40:47,241:INFO:Determining Trained Model
2025-09-15 08:40:47,242:INFO:Trained Model : Isolation Forest
2025-09-15 08:40:47,242:INFO:Copying data
2025-09-15 08:40:47,247:INFO:(150, 7)
2025-09-15 08:40:47,248:INFO:assign_model() successfully completed......................................
2025-09-15 08:40:47,249:INFO:Initializing evaluate_model()
2025-09-15 08:40:47,249:INFO:evaluate_model(self=<pycaret.anomaly.oop.AnomalyExperiment object at 0x000001AA8209BD50>, estimator=IForest(behaviour='new', bootstrap=False, contamination=0.05,
    max_features=1.0, max_samples='auto', n_estimators=100, n_jobs=-1,
    random_state=123, verbose=0), fold=None, fit_kwargs=None, plot_kwargs=None, feature_name=None, groups=None)
2025-09-15 08:40:47,277:INFO:Initializing plot_model()
2025-09-15 08:40:47,277:INFO:plot_model(self=<pycaret.anomaly.oop.AnomalyExperiment object at 0x000001AA8209BD50>, estimator=IForest(behaviour='new', bootstrap=False, contamination=0.05,
    max_features=1.0, max_samples='auto', n_estimators=100, n_jobs=-1,
    random_state=123, verbose=0), plot=pipeline, scale=1, save=False, fold=None, fit_kwargs={}, plot_kwargs=None, groups=None, feature_name=None, label=False, verbose=False, system=True, display=None, display_format=None)
2025-09-15 08:40:47,277:INFO:Checking exceptions
2025-09-15 08:40:53,793:INFO:Preloading libraries
2025-09-15 08:40:53,809:INFO:Copying training dataset
2025-09-15 08:40:53,810:INFO:Plot type: pipeline
2025-09-15 08:40:54,896:INFO:Visual Rendered Successfully
2025-09-15 08:40:55,094:INFO:plot_model() successfully completed......................................
2025-09-15 08:40:55,101:INFO:Initializing predict_model()
2025-09-15 08:40:55,103:INFO:predict_model(self=<pycaret.anomaly.oop.AnomalyExperiment object at 0x000001AA8209BD50>, estimator=IForest(behaviour='new', bootstrap=False, contamination=0.05,
    max_features=1.0, max_samples='auto', n_estimators=100, n_jobs=-1,
    random_state=123, verbose=0), ml_usecase=None)
2025-09-15 08:40:55,202:WARNING:d:\Perkuliahan\Semester 5\Poyek Sains Data\PSD\.venv\Lib\site-packages\sklearn\base.py:486: UserWarning: X has feature names, but IsolationForest was fitted without feature names
  warnings.warn(

2025-09-15 08:40:55,213:WARNING:d:\Perkuliahan\Semester 5\Poyek Sains Data\PSD\.venv\Lib\site-packages\sklearn\base.py:486: UserWarning: X has feature names, but IsolationForest was fitted without feature names
  warnings.warn(

2025-09-15 08:40:55,229:INFO:Initializing save_model()
2025-09-15 08:40:55,230:INFO:save_model(model=IForest(behaviour='new', bootstrap=False, contamination=0.05,
    max_features=1.0, max_samples='auto', n_estimators=100, n_jobs=-1,
    random_state=123, verbose=0), model_name=iforest_pipeline, prep_pipe_=Pipeline(memory=FastMemory(location=C:\Users\MYBOOK~1\AppData\Local\Temp\joblib),
         steps=[('numerical_imputer',
                 TransformerWrapper(include=['id', 'sepal_length',
                                             'sepal_width', 'petal_length',
                                             'petal_width'],
                                    transformer=SimpleImputer())),
                ('categorical_imputer',
                 TransformerWrapper(include=[],
                                    transformer=SimpleImputer(strategy='most_frequent')))]), verbose=True, use_case=MLUsecase.ANOMALY, kwargs={})
2025-09-15 08:40:55,230:INFO:Adding model into prep_pipe
2025-09-15 08:40:55,323:INFO:iforest_pipeline.pkl saved in current working directory
2025-09-15 08:40:55,328:INFO:Pipeline(memory=Memory(location=None),
         steps=[('numerical_imputer',
                 TransformerWrapper(include=['id', 'sepal_length',
                                             'sepal_width', 'petal_length',
                                             'petal_width'],
                                    transformer=SimpleImputer())),
                ('categorical_imputer',
                 TransformerWrapper(include=[],
                                    transformer=SimpleImputer(strategy='most_frequent'))),
                ('trained_model',
                 IForest(behaviour='new', bootstrap=False, contamination=0.05,
    max_features=1.0, max_samples='auto', n_estimators=100, n_jobs=-1,
    random_state=123, verbose=0))])
2025-09-15 08:40:55,328:INFO:save_model() successfully completed......................................
2025-09-15 08:54:25,885:INFO:Initializing plot_model()
2025-09-15 08:54:25,885:INFO:plot_model(self=<pycaret.anomaly.oop.AnomalyExperiment object at 0x000001AA8209BD50>, estimator=IForest(behaviour='new', bootstrap=False, contamination=0.05,
    max_features=1.0, max_samples='auto', n_estimators=100, n_jobs=-1,
    random_state=123, verbose=0), plot=tsne, scale=1, save=False, fold=None, fit_kwargs={}, plot_kwargs=None, groups=None, feature_name=None, label=False, verbose=False, system=True, display=None, display_format=None)
2025-09-15 08:54:25,885:INFO:Checking exceptions
2025-09-15 08:54:28,984:INFO:Preloading libraries
2025-09-15 08:54:28,997:INFO:Copying training dataset
2025-09-15 08:54:28,997:INFO:Plot type: tsne
2025-09-15 08:54:28,998:INFO:SubProcess assign_model() called ==================================
2025-09-15 08:54:28,998:INFO:Initializing assign_model()
2025-09-15 08:54:28,998:INFO:assign_model(self=<pycaret.anomaly.oop.AnomalyExperiment object at 0x000001AA8209BD50>, model=IForest(behaviour='new', bootstrap=False, contamination=0.05,
    max_features=1.0, max_samples='auto', n_estimators=100, n_jobs=-1,
    random_state=123, verbose=0), transformation=True, score=False, verbose=False)
2025-09-15 08:54:28,998:INFO:Checking exceptions
2025-09-15 08:54:28,998:INFO:Determining Trained Model
2025-09-15 08:54:28,998:INFO:Trained Model : Isolation Forest
2025-09-15 08:54:28,998:INFO:Copying data
2025-09-15 08:54:29,013:INFO:Transformation parameter set to True. Assigned clusters are attached on transformed dataset.
2025-09-15 08:54:29,014:INFO:(150, 6)
2025-09-15 08:54:29,014:INFO:assign_model() successfully completed......................................
2025-09-15 08:54:29,014:INFO:SubProcess assign_model() end ==================================
2025-09-15 08:54:29,015:INFO:Getting dummies to cast categorical variables
2025-09-15 08:54:29,015:INFO:Fitting TSNE()
2025-09-15 08:54:30,157:INFO:Rendering Visual
2025-09-15 08:54:36,693:INFO:Visual Rendered Successfully
2025-09-15 08:54:36,865:INFO:plot_model() successfully completed......................................
2025-09-15 08:54:36,956:INFO:Initializing plot_model()
2025-09-15 08:54:36,956:INFO:plot_model(self=<pycaret.anomaly.oop.AnomalyExperiment object at 0x000001AA8209BD50>, estimator=IForest(behaviour='new', bootstrap=False, contamination=0.05,
    max_features=1.0, max_samples='auto', n_estimators=100, n_jobs=-1,
    random_state=123, verbose=0), plot=umap, scale=1, save=False, fold=None, fit_kwargs={}, plot_kwargs=None, groups=None, feature_name=None, label=False, verbose=False, system=True, display=None, display_format=None)
2025-09-15 08:54:36,957:INFO:Checking exceptions
2025-09-15 08:54:37,092:INFO:Preloading libraries
2025-09-15 08:54:37,101:INFO:Copying training dataset
2025-09-15 08:54:37,101:INFO:Plot type: umap
2025-09-15 08:54:37,101:INFO:SubProcess assign_model() called ==================================
2025-09-15 08:54:37,102:INFO:Initializing assign_model()
2025-09-15 08:54:37,102:INFO:assign_model(self=<pycaret.anomaly.oop.AnomalyExperiment object at 0x000001AA8209BD50>, model=IForest(behaviour='new', bootstrap=False, contamination=0.05,
    max_features=1.0, max_samples='auto', n_estimators=100, n_jobs=-1,
    random_state=123, verbose=0), transformation=True, score=False, verbose=False)
2025-09-15 08:54:37,102:INFO:Checking exceptions
2025-09-15 08:54:37,102:INFO:Determining Trained Model
2025-09-15 08:54:37,102:INFO:Trained Model : Isolation Forest
2025-09-15 08:54:37,102:INFO:Copying data
2025-09-15 08:54:37,116:INFO:Transformation parameter set to True. Assigned clusters are attached on transformed dataset.
2025-09-15 08:54:37,117:INFO:(150, 6)
2025-09-15 08:54:37,117:INFO:assign_model() successfully completed......................................
2025-09-15 08:54:37,117:INFO:SubProcess assign_model() end ==================================
2025-09-15 08:54:37,118:ERROR:
'umap' is a soft dependency and not included in the pycaret installation. Please run: `pip install umap-learn` to install.
Alternately, you can install this by running `pip install pycaret[analysis]`
NoneType: None
2025-09-15 08:54:43,542:INFO:PyCaret AnomalyExperiment
2025-09-15 08:54:43,543:INFO:Logging name: anomaly-default-name
2025-09-15 08:54:43,543:INFO:ML Usecase: MLUsecase.ANOMALY
2025-09-15 08:54:43,543:INFO:version 3.3.2
2025-09-15 08:54:43,543:INFO:Initializing setup()
2025-09-15 08:54:43,543:INFO:self.USI: f51e
2025-09-15 08:54:43,543:INFO:self._variable_keys: {'idx', 'USI', 'n_jobs_param', '_available_plots', '_ml_usecase', 'gpu_param', 'pipeline', 'X', 'seed', 'log_plots_param', 'data', 'memory', 'gpu_n_jobs_param', 'logging_param', 'html_param', 'exp_name_log', 'exp_id'}
2025-09-15 08:54:43,543:INFO:Checking environment
2025-09-15 08:54:43,543:INFO:python_version: 3.11.9
2025-09-15 08:54:43,544:INFO:python_build: ('tags/v3.11.9:de54cf5', 'Apr  2 2024 10:12:12')
2025-09-15 08:54:43,544:INFO:machine: AMD64
2025-09-15 08:54:43,544:INFO:platform: Windows-10-10.0.26100-SP0
2025-09-15 08:54:43,544:INFO:Memory: svmem(total=16908984320, available=1606537216, percent=90.5, used=15302447104, free=1606537216)
2025-09-15 08:54:43,544:INFO:Physical Core: 10
2025-09-15 08:54:43,544:INFO:Logical Core: 12
2025-09-15 08:54:43,544:INFO:Checking libraries
2025-09-15 08:54:43,544:INFO:System:
2025-09-15 08:54:43,544:INFO:    python: 3.11.9 (tags/v3.11.9:de54cf5, Apr  2 2024, 10:12:12) [MSC v.1938 64 bit (AMD64)]
2025-09-15 08:54:43,544:INFO:executable: d:\Perkuliahan\Semester 5\Poyek Sains Data\PSD\.venv\Scripts\python.exe
2025-09-15 08:54:43,544:INFO:   machine: Windows-10-10.0.26100-SP0
2025-09-15 08:54:43,544:INFO:PyCaret required dependencies:
2025-09-15 08:54:43,545:INFO:                 pip: 25.2
2025-09-15 08:54:43,545:INFO:          setuptools: 65.5.0
2025-09-15 08:54:43,546:INFO:             pycaret: 3.3.2
2025-09-15 08:54:43,546:INFO:             IPython: 9.5.0
2025-09-15 08:54:43,546:INFO:          ipywidgets: 8.1.7
2025-09-15 08:54:43,546:INFO:                tqdm: 4.67.1
2025-09-15 08:54:43,546:INFO:               numpy: 1.26.4
2025-09-15 08:54:43,547:INFO:              pandas: 2.1.4
2025-09-15 08:54:43,547:INFO:              jinja2: 3.1.6
2025-09-15 08:54:43,547:INFO:               scipy: 1.11.4
2025-09-15 08:54:43,547:INFO:              joblib: 1.3.2
2025-09-15 08:54:43,547:INFO:             sklearn: 1.4.2
2025-09-15 08:54:43,547:INFO:                pyod: 2.0.5
2025-09-15 08:54:43,547:INFO:            imblearn: 0.14.0
2025-09-15 08:54:43,548:INFO:   category_encoders: 2.7.0
2025-09-15 08:54:43,548:INFO:            lightgbm: 4.6.0
2025-09-15 08:54:43,548:INFO:               numba: 0.61.2
2025-09-15 08:54:43,548:INFO:            requests: 2.32.5
2025-09-15 08:54:43,548:INFO:          matplotlib: 3.7.5
2025-09-15 08:54:43,548:INFO:          scikitplot: 0.3.7
2025-09-15 08:54:43,548:INFO:         yellowbrick: 1.5
2025-09-15 08:54:43,548:INFO:              plotly: 6.3.0
2025-09-15 08:54:43,548:INFO:    plotly-resampler: Not installed
2025-09-15 08:54:43,548:INFO:             kaleido: 1.1.0
2025-09-15 08:54:43,548:INFO:           schemdraw: 0.15
2025-09-15 08:54:43,548:INFO:         statsmodels: 0.14.5
2025-09-15 08:54:43,548:INFO:              sktime: 0.26.0
2025-09-15 08:54:43,548:INFO:               tbats: 1.1.3
2025-09-15 08:54:43,548:INFO:            pmdarima: 2.0.4
2025-09-15 08:54:43,548:INFO:              psutil: 7.0.0
2025-09-15 08:54:43,548:INFO:          markupsafe: 3.0.2
2025-09-15 08:54:43,548:INFO:             pickle5: Not installed
2025-09-15 08:54:43,548:INFO:         cloudpickle: 3.1.1
2025-09-15 08:54:43,549:INFO:         deprecation: 2.1.0
2025-09-15 08:54:43,549:INFO:              xxhash: 3.5.0
2025-09-15 08:54:43,549:INFO:           wurlitzer: Not installed
2025-09-15 08:54:43,549:INFO:PyCaret optional dependencies:
2025-09-15 08:54:43,549:INFO:                shap: Not installed
2025-09-15 08:54:43,549:INFO:           interpret: Not installed
2025-09-15 08:54:43,549:INFO:                umap: Not installed
2025-09-15 08:54:43,549:INFO:     ydata_profiling: Not installed
2025-09-15 08:54:43,549:INFO:  explainerdashboard: Not installed
2025-09-15 08:54:43,549:INFO:             autoviz: Not installed
2025-09-15 08:54:43,549:INFO:           fairlearn: Not installed
2025-09-15 08:54:43,549:INFO:          deepchecks: Not installed
2025-09-15 08:54:43,549:INFO:             xgboost: Not installed
2025-09-15 08:54:43,549:INFO:            catboost: Not installed
2025-09-15 08:54:43,549:INFO:              kmodes: Not installed
2025-09-15 08:54:43,549:INFO:             mlxtend: Not installed
2025-09-15 08:54:43,549:INFO:       statsforecast: Not installed
2025-09-15 08:54:43,549:INFO:        tune_sklearn: Not installed
2025-09-15 08:54:43,549:INFO:                 ray: Not installed
2025-09-15 08:54:43,549:INFO:            hyperopt: Not installed
2025-09-15 08:54:43,549:INFO:              optuna: Not installed
2025-09-15 08:54:43,549:INFO:               skopt: Not installed
2025-09-15 08:54:43,549:INFO:              mlflow: Not installed
2025-09-15 08:54:43,549:INFO:              gradio: Not installed
2025-09-15 08:54:43,549:INFO:             fastapi: Not installed
2025-09-15 08:54:43,549:INFO:             uvicorn: Not installed
2025-09-15 08:54:43,549:INFO:              m2cgen: Not installed
2025-09-15 08:54:43,549:INFO:           evidently: Not installed
2025-09-15 08:54:43,550:INFO:               fugue: Not installed
2025-09-15 08:54:43,550:INFO:           streamlit: Not installed
2025-09-15 08:54:43,550:INFO:             prophet: Not installed
2025-09-15 08:54:43,550:INFO:None
2025-09-15 08:54:43,550:INFO:Set up data.
2025-09-15 08:54:43,552:INFO:Set up index.
2025-09-15 08:54:43,552:INFO:Assigning column types.
2025-09-15 08:54:43,554:INFO:Engine successfully changes for model 'kmeans' to 'sklearn'.
2025-09-15 08:54:43,555:INFO:Engine successfully changes for model 'dbscan' to 'sklearn'.
2025-09-15 08:54:43,557:INFO:Preparing preprocessing pipeline...
2025-09-15 08:54:43,557:INFO:Set up simple imputation.
2025-09-15 08:54:43,572:INFO:Finished creating preprocessing pipeline.
2025-09-15 08:54:43,575:INFO:Pipeline: Pipeline(memory=FastMemory(location=C:\Users\MYBOOK~1\AppData\Local\Temp\joblib),
         steps=[('numerical_imputer',
                 TransformerWrapper(include=['id', 'sepal_length',
                                             'sepal_width', 'petal_length',
                                             'petal_width'],
                                    transformer=SimpleImputer())),
                ('categorical_imputer',
                 TransformerWrapper(include=[],
                                    transformer=SimpleImputer(strategy='most_frequent')))])
2025-09-15 08:54:43,575:INFO:Creating final display dataframe.
2025-09-15 08:54:43,589:INFO:Setup _display_container:                Description                 Value
0               Session id                   123
1      Original data shape              (150, 5)
2   Transformed data shape              (150, 5)
3         Numeric features                     5
4               Preprocess                  True
5          Imputation type                simple
6       Numeric imputation                  mean
7   Categorical imputation                  mode
8                 CPU Jobs                    -1
9                  Use GPU                 False
10          Log Experiment                 False
11         Experiment Name  anomaly-default-name
12                     USI                  f51e
2025-09-15 08:54:43,597:INFO:setup() successfully completed in 0.06s...............
2025-09-15 08:54:43,597:INFO:Initializing create_model()
2025-09-15 08:54:43,598:INFO:create_model(self=<pycaret.anomaly.oop.AnomalyExperiment object at 0x000001AA81BCB810>, estimator=iforest, num_clusters=4, fraction=0.05, ground_truth=None, round=4, fit_kwargs=None, experiment_custom_tags=None, verbose=True, system=True, add_to_model_list=True, raise_num_clusters=False, display=None, kwargs={})
2025-09-15 08:54:43,598:INFO:Checking exceptions
2025-09-15 08:54:43,638:INFO:Importing untrained model
2025-09-15 08:54:43,644:INFO:Isolation Forest Imported successfully
2025-09-15 08:54:43,651:INFO:Fitting Model
2025-09-15 08:54:43,838:INFO:IForest(behaviour='new', bootstrap=False, contamination=0.05,
    max_features=1.0, max_samples='auto', n_estimators=100, n_jobs=-1,
    random_state=123, verbose=0)
2025-09-15 08:54:43,838:INFO:create_models() successfully completed......................................
2025-09-15 08:54:43,842:INFO:Uploading results into container
2025-09-15 08:54:43,843:INFO:Uploading model into container now
2025-09-15 08:54:43,848:INFO:_master_model_container: 1
2025-09-15 08:54:43,848:INFO:_display_container: 1
2025-09-15 08:54:43,849:INFO:IForest(behaviour='new', bootstrap=False, contamination=0.05,
    max_features=1.0, max_samples='auto', n_estimators=100, n_jobs=-1,
    random_state=123, verbose=0)
2025-09-15 08:54:43,849:INFO:create_model() successfully completed......................................
2025-09-15 08:54:44,008:INFO:Initializing assign_model()
2025-09-15 08:54:44,008:INFO:assign_model(self=<pycaret.anomaly.oop.AnomalyExperiment object at 0x000001AA81BCB810>, model=IForest(behaviour='new', bootstrap=False, contamination=0.05,
    max_features=1.0, max_samples='auto', n_estimators=100, n_jobs=-1,
    random_state=123, verbose=0), transformation=False, score=True, verbose=True)
2025-09-15 08:54:44,009:INFO:Checking exceptions
2025-09-15 08:54:44,009:INFO:Determining Trained Model
2025-09-15 08:54:44,009:INFO:Trained Model : Isolation Forest
2025-09-15 08:54:44,009:INFO:Copying data
2025-09-15 08:54:44,011:INFO:(150, 7)
2025-09-15 08:54:44,011:INFO:assign_model() successfully completed......................................
2025-09-15 08:54:44,011:INFO:Initializing evaluate_model()
2025-09-15 08:54:44,011:INFO:evaluate_model(self=<pycaret.anomaly.oop.AnomalyExperiment object at 0x000001AA81BCB810>, estimator=IForest(behaviour='new', bootstrap=False, contamination=0.05,
    max_features=1.0, max_samples='auto', n_estimators=100, n_jobs=-1,
    random_state=123, verbose=0), fold=None, fit_kwargs=None, plot_kwargs=None, feature_name=None, groups=None)
2025-09-15 08:54:44,020:INFO:Initializing plot_model()
2025-09-15 08:54:44,020:INFO:plot_model(self=<pycaret.anomaly.oop.AnomalyExperiment object at 0x000001AA81BCB810>, estimator=IForest(behaviour='new', bootstrap=False, contamination=0.05,
    max_features=1.0, max_samples='auto', n_estimators=100, n_jobs=-1,
    random_state=123, verbose=0), plot=pipeline, scale=1, save=False, fold=None, fit_kwargs={}, plot_kwargs=None, groups=None, feature_name=None, label=False, verbose=False, system=True, display=None, display_format=None)
2025-09-15 08:54:44,020:INFO:Checking exceptions
2025-09-15 08:54:44,121:INFO:Preloading libraries
2025-09-15 08:54:44,126:INFO:Copying training dataset
2025-09-15 08:54:44,126:INFO:Plot type: pipeline
2025-09-15 08:54:44,197:INFO:Visual Rendered Successfully
2025-09-15 08:54:44,414:INFO:plot_model() successfully completed......................................
2025-09-15 08:54:44,419:INFO:Initializing predict_model()
2025-09-15 08:54:44,420:INFO:predict_model(self=<pycaret.anomaly.oop.AnomalyExperiment object at 0x000001AA81BCB810>, estimator=IForest(behaviour='new', bootstrap=False, contamination=0.05,
    max_features=1.0, max_samples='auto', n_estimators=100, n_jobs=-1,
    random_state=123, verbose=0), ml_usecase=None)
2025-09-15 08:54:44,430:WARNING:d:\Perkuliahan\Semester 5\Poyek Sains Data\PSD\.venv\Lib\site-packages\sklearn\base.py:486: UserWarning:

X has feature names, but IsolationForest was fitted without feature names


2025-09-15 08:54:44,433:WARNING:d:\Perkuliahan\Semester 5\Poyek Sains Data\PSD\.venv\Lib\site-packages\sklearn\base.py:486: UserWarning:

X has feature names, but IsolationForest was fitted without feature names


2025-09-15 08:54:44,440:INFO:Initializing save_model()
2025-09-15 08:54:44,440:INFO:save_model(model=IForest(behaviour='new', bootstrap=False, contamination=0.05,
    max_features=1.0, max_samples='auto', n_estimators=100, n_jobs=-1,
    random_state=123, verbose=0), model_name=iforest_pipeline, prep_pipe_=Pipeline(memory=FastMemory(location=C:\Users\MYBOOK~1\AppData\Local\Temp\joblib),
         steps=[('numerical_imputer',
                 TransformerWrapper(include=['id', 'sepal_length',
                                             'sepal_width', 'petal_length',
                                             'petal_width'],
                                    transformer=SimpleImputer())),
                ('categorical_imputer',
                 TransformerWrapper(include=[],
                                    transformer=SimpleImputer(strategy='most_frequent')))]), verbose=True, use_case=MLUsecase.ANOMALY, kwargs={})
2025-09-15 08:54:44,440:INFO:Adding model into prep_pipe
2025-09-15 08:54:44,525:INFO:iforest_pipeline.pkl saved in current working directory
2025-09-15 08:54:44,537:INFO:Pipeline(memory=Memory(location=None),
         steps=[('numerical_imputer',
                 TransformerWrapper(include=['id', 'sepal_length',
                                             'sepal_width', 'petal_length',
                                             'petal_width'],
                                    transformer=SimpleImputer())),
                ('categorical_imputer',
                 TransformerWrapper(include=[],
                                    transformer=SimpleImputer(strategy='most_frequent'))),
                ('trained_model',
                 IForest(behaviour='new', bootstrap=False, contamination=0.05,
    max_features=1.0, max_samples='auto', n_estimators=100, n_jobs=-1,
    random_state=123, verbose=0))])
2025-09-15 08:54:44,537:INFO:save_model() successfully completed......................................
2025-09-15 08:55:37,712:INFO:PyCaret AnomalyExperiment
2025-09-15 08:55:37,713:INFO:Logging name: anomaly-default-name
2025-09-15 08:55:37,713:INFO:ML Usecase: MLUsecase.ANOMALY
2025-09-15 08:55:37,713:INFO:version 3.3.2
2025-09-15 08:55:37,713:INFO:Initializing setup()
2025-09-15 08:55:37,713:INFO:self.USI: c2a9
2025-09-15 08:55:37,713:INFO:self._variable_keys: {'idx', 'USI', 'n_jobs_param', '_available_plots', '_ml_usecase', 'gpu_param', 'pipeline', 'X', 'seed', 'log_plots_param', 'data', 'memory', 'gpu_n_jobs_param', 'logging_param', 'html_param', 'exp_name_log', 'exp_id'}
2025-09-15 08:55:37,713:INFO:Checking environment
2025-09-15 08:55:37,713:INFO:python_version: 3.11.9
2025-09-15 08:55:37,713:INFO:python_build: ('tags/v3.11.9:de54cf5', 'Apr  2 2024 10:12:12')
2025-09-15 08:55:37,713:INFO:machine: AMD64
2025-09-15 08:55:37,713:INFO:platform: Windows-10-10.0.26100-SP0
2025-09-15 08:55:37,714:INFO:Memory: svmem(total=16908984320, available=1475383296, percent=91.3, used=15433601024, free=1475383296)
2025-09-15 08:55:37,714:INFO:Physical Core: 10
2025-09-15 08:55:37,714:INFO:Logical Core: 12
2025-09-15 08:55:37,715:INFO:Checking libraries
2025-09-15 08:55:37,715:INFO:System:
2025-09-15 08:55:37,715:INFO:    python: 3.11.9 (tags/v3.11.9:de54cf5, Apr  2 2024, 10:12:12) [MSC v.1938 64 bit (AMD64)]
2025-09-15 08:55:37,715:INFO:executable: d:\Perkuliahan\Semester 5\Poyek Sains Data\PSD\.venv\Scripts\python.exe
2025-09-15 08:55:37,715:INFO:   machine: Windows-10-10.0.26100-SP0
2025-09-15 08:55:37,715:INFO:PyCaret required dependencies:
2025-09-15 08:55:37,715:INFO:                 pip: 25.2
2025-09-15 08:55:37,715:INFO:          setuptools: 65.5.0
2025-09-15 08:55:37,715:INFO:             pycaret: 3.3.2
2025-09-15 08:55:37,715:INFO:             IPython: 9.5.0
2025-09-15 08:55:37,715:INFO:          ipywidgets: 8.1.7
2025-09-15 08:55:37,715:INFO:                tqdm: 4.67.1
2025-09-15 08:55:37,715:INFO:               numpy: 1.26.4
2025-09-15 08:55:37,715:INFO:              pandas: 2.1.4
2025-09-15 08:55:37,715:INFO:              jinja2: 3.1.6
2025-09-15 08:55:37,715:INFO:               scipy: 1.11.4
2025-09-15 08:55:37,715:INFO:              joblib: 1.3.2
2025-09-15 08:55:37,715:INFO:             sklearn: 1.4.2
2025-09-15 08:55:37,715:INFO:                pyod: 2.0.5
2025-09-15 08:55:37,715:INFO:            imblearn: 0.14.0
2025-09-15 08:55:37,715:INFO:   category_encoders: 2.7.0
2025-09-15 08:55:37,716:INFO:            lightgbm: 4.6.0
2025-09-15 08:55:37,716:INFO:               numba: 0.61.2
2025-09-15 08:55:37,716:INFO:            requests: 2.32.5
2025-09-15 08:55:37,716:INFO:          matplotlib: 3.7.5
2025-09-15 08:55:37,716:INFO:          scikitplot: 0.3.7
2025-09-15 08:55:37,716:INFO:         yellowbrick: 1.5
2025-09-15 08:55:37,716:INFO:              plotly: 6.3.0
2025-09-15 08:55:37,716:INFO:    plotly-resampler: Not installed
2025-09-15 08:55:37,716:INFO:             kaleido: 1.1.0
2025-09-15 08:55:37,716:INFO:           schemdraw: 0.15
2025-09-15 08:55:37,716:INFO:         statsmodels: 0.14.5
2025-09-15 08:55:37,716:INFO:              sktime: 0.26.0
2025-09-15 08:55:37,716:INFO:               tbats: 1.1.3
2025-09-15 08:55:37,716:INFO:            pmdarima: 2.0.4
2025-09-15 08:55:37,716:INFO:              psutil: 7.0.0
2025-09-15 08:55:37,716:INFO:          markupsafe: 3.0.2
2025-09-15 08:55:37,716:INFO:             pickle5: Not installed
2025-09-15 08:55:37,716:INFO:         cloudpickle: 3.1.1
2025-09-15 08:55:37,716:INFO:         deprecation: 2.1.0
2025-09-15 08:55:37,716:INFO:              xxhash: 3.5.0
2025-09-15 08:55:37,716:INFO:           wurlitzer: Not installed
2025-09-15 08:55:37,716:INFO:PyCaret optional dependencies:
2025-09-15 08:55:37,716:INFO:                shap: Not installed
2025-09-15 08:55:37,716:INFO:           interpret: Not installed
2025-09-15 08:55:37,716:INFO:                umap: Not installed
2025-09-15 08:55:37,716:INFO:     ydata_profiling: Not installed
2025-09-15 08:55:37,717:INFO:  explainerdashboard: Not installed
2025-09-15 08:55:37,717:INFO:             autoviz: Not installed
2025-09-15 08:55:37,717:INFO:           fairlearn: Not installed
2025-09-15 08:55:37,717:INFO:          deepchecks: Not installed
2025-09-15 08:55:37,717:INFO:             xgboost: Not installed
2025-09-15 08:55:37,717:INFO:            catboost: Not installed
2025-09-15 08:55:37,717:INFO:              kmodes: Not installed
2025-09-15 08:55:37,717:INFO:             mlxtend: Not installed
2025-09-15 08:55:37,717:INFO:       statsforecast: Not installed
2025-09-15 08:55:37,717:INFO:        tune_sklearn: Not installed
2025-09-15 08:55:37,717:INFO:                 ray: Not installed
2025-09-15 08:55:37,717:INFO:            hyperopt: Not installed
2025-09-15 08:55:37,717:INFO:              optuna: Not installed
2025-09-15 08:55:37,717:INFO:               skopt: Not installed
2025-09-15 08:55:37,717:INFO:              mlflow: Not installed
2025-09-15 08:55:37,717:INFO:              gradio: Not installed
2025-09-15 08:55:37,717:INFO:             fastapi: Not installed
2025-09-15 08:55:37,717:INFO:             uvicorn: Not installed
2025-09-15 08:55:37,717:INFO:              m2cgen: Not installed
2025-09-15 08:55:37,717:INFO:           evidently: Not installed
2025-09-15 08:55:37,717:INFO:               fugue: Not installed
2025-09-15 08:55:37,717:INFO:           streamlit: Not installed
2025-09-15 08:55:37,718:INFO:             prophet: Not installed
2025-09-15 08:55:37,718:INFO:None
2025-09-15 08:55:37,718:INFO:Set up data.
2025-09-15 08:55:37,722:INFO:Set up index.
2025-09-15 08:55:37,722:INFO:Assigning column types.
2025-09-15 08:55:37,726:INFO:Engine successfully changes for model 'kmeans' to 'sklearn'.
2025-09-15 08:55:37,728:INFO:Engine successfully changes for model 'dbscan' to 'sklearn'.
2025-09-15 08:55:37,731:INFO:Preparing preprocessing pipeline...
2025-09-15 08:55:37,731:INFO:Set up simple imputation.
2025-09-15 08:55:37,761:INFO:Finished creating preprocessing pipeline.
2025-09-15 08:55:37,764:INFO:Pipeline: Pipeline(memory=FastMemory(location=C:\Users\MYBOOK~1\AppData\Local\Temp\joblib),
         steps=[('numerical_imputer',
                 TransformerWrapper(include=['id', 'sepal_length',
                                             'sepal_width', 'petal_length',
                                             'petal_width'],
                                    transformer=SimpleImputer())),
                ('categorical_imputer',
                 TransformerWrapper(include=[],
                                    transformer=SimpleImputer(strategy='most_frequent')))])
2025-09-15 08:55:37,765:INFO:Creating final display dataframe.
2025-09-15 08:55:37,792:INFO:Setup _display_container:                Description                 Value
0               Session id                  4715
1      Original data shape              (150, 5)
2   Transformed data shape              (150, 5)
3         Numeric features                     5
4               Preprocess                  True
5          Imputation type                simple
6       Numeric imputation                  mean
7   Categorical imputation                  mode
8                 CPU Jobs                    -1
9                  Use GPU                 False
10          Log Experiment                 False
11         Experiment Name  anomaly-default-name
12                     USI                  c2a9
2025-09-15 08:55:37,803:INFO:setup() successfully completed in 0.1s...............
2025-09-15 08:55:37,805:INFO:Initializing create_model()
2025-09-15 08:55:37,806:INFO:create_model(self=<pycaret.anomaly.oop.AnomalyExperiment object at 0x000001AAA630BD50>, estimator=abod, num_clusters=4, fraction=0.05, ground_truth=None, round=4, fit_kwargs=None, experiment_custom_tags=None, verbose=True, system=True, add_to_model_list=True, raise_num_clusters=False, display=None, kwargs={})
2025-09-15 08:55:37,806:INFO:Checking exceptions
2025-09-15 08:55:37,844:INFO:Importing untrained model
2025-09-15 08:55:37,850:INFO:Angle-base Outlier Detection Imported successfully
2025-09-15 08:55:37,858:INFO:Fitting Model
2025-09-15 08:55:41,714:INFO:ABOD(contamination=0.05, method='fast', n_neighbors=5)
2025-09-15 08:55:41,714:INFO:create_models() successfully completed......................................
2025-09-15 08:55:41,720:INFO:Uploading results into container
2025-09-15 08:55:41,721:INFO:Uploading model into container now
2025-09-15 08:55:41,727:INFO:_master_model_container: 1
2025-09-15 08:55:41,728:INFO:_display_container: 1
2025-09-15 08:55:41,728:INFO:ABOD(contamination=0.05, method='fast', n_neighbors=5)
2025-09-15 08:55:41,728:INFO:create_model() successfully completed......................................
2025-09-15 08:55:41,984:INFO:Initializing assign_model()
2025-09-15 08:55:41,984:INFO:assign_model(self=<pycaret.anomaly.oop.AnomalyExperiment object at 0x000001AAA630BD50>, model=ABOD(contamination=0.05, method='fast', n_neighbors=5), transformation=False, score=True, verbose=True)
2025-09-15 08:55:41,985:INFO:Checking exceptions
2025-09-15 08:55:41,985:INFO:Determining Trained Model
2025-09-15 08:55:41,985:INFO:Trained Model : Angle-base Outlier Detection
2025-09-15 08:55:41,985:INFO:Copying data
2025-09-15 08:55:41,988:INFO:(150, 7)
2025-09-15 08:55:41,988:INFO:assign_model() successfully completed......................................
2025-09-15 09:32:10,666:WARNING:
'cuml' is a soft dependency and not included in the pycaret installation. Please run: `pip install cuml` to install.
2025-09-15 09:32:10,667:WARNING:
'cuml' is a soft dependency and not included in the pycaret installation. Please run: `pip install cuml` to install.
2025-09-15 09:32:10,667:WARNING:
'cuml' is a soft dependency and not included in the pycaret installation. Please run: `pip install cuml` to install.
2025-09-15 09:32:10,667:WARNING:
'cuml' is a soft dependency and not included in the pycaret installation. Please run: `pip install cuml` to install.
2025-09-15 09:32:11,402:INFO:PyCaret AnomalyExperiment
2025-09-15 09:32:11,402:INFO:Logging name: anomaly-default-name
2025-09-15 09:32:11,402:INFO:ML Usecase: MLUsecase.ANOMALY
2025-09-15 09:32:11,402:INFO:version 3.3.2
2025-09-15 09:32:11,402:INFO:Initializing setup()
2025-09-15 09:32:11,402:INFO:self.USI: bc37
2025-09-15 09:32:11,402:INFO:self._variable_keys: {'pipeline', 'gpu_n_jobs_param', 'data', '_available_plots', 'X', 'USI', 'exp_id', 'seed', 'html_param', '_ml_usecase', 'gpu_param', 'logging_param', 'memory', 'n_jobs_param', 'log_plots_param', 'exp_name_log', 'idx'}
2025-09-15 09:32:11,402:INFO:Checking environment
2025-09-15 09:32:11,402:INFO:python_version: 3.11.9
2025-09-15 09:32:11,402:INFO:python_build: ('tags/v3.11.9:de54cf5', 'Apr  2 2024 10:12:12')
2025-09-15 09:32:11,402:INFO:machine: AMD64
2025-09-15 09:32:11,402:INFO:platform: Windows-10-10.0.26100-SP0
2025-09-15 09:32:11,403:INFO:Memory: svmem(total=16908984320, available=3235823616, percent=80.9, used=13673160704, free=3235823616)
2025-09-15 09:32:11,403:INFO:Physical Core: 10
2025-09-15 09:32:11,403:INFO:Logical Core: 12
2025-09-15 09:32:11,403:INFO:Checking libraries
2025-09-15 09:32:11,403:INFO:System:
2025-09-15 09:32:11,403:INFO:    python: 3.11.9 (tags/v3.11.9:de54cf5, Apr  2 2024, 10:12:12) [MSC v.1938 64 bit (AMD64)]
2025-09-15 09:32:11,403:INFO:executable: d:\Perkuliahan\Semester 5\Poyek Sains Data\PSD\.venv\Scripts\python.exe
2025-09-15 09:32:11,403:INFO:   machine: Windows-10-10.0.26100-SP0
2025-09-15 09:32:11,403:INFO:PyCaret required dependencies:
2025-09-15 09:32:11,424:INFO:                 pip: 25.2
2025-09-15 09:32:11,424:INFO:          setuptools: 65.5.0
2025-09-15 09:32:11,424:INFO:             pycaret: 3.3.2
2025-09-15 09:32:11,424:INFO:             IPython: 9.5.0
2025-09-15 09:32:11,424:INFO:          ipywidgets: 8.1.7
2025-09-15 09:32:11,424:INFO:                tqdm: 4.67.1
2025-09-15 09:32:11,424:INFO:               numpy: 1.26.4
2025-09-15 09:32:11,424:INFO:              pandas: 2.1.4
2025-09-15 09:32:11,424:INFO:              jinja2: 3.1.6
2025-09-15 09:32:11,424:INFO:               scipy: 1.11.4
2025-09-15 09:32:11,424:INFO:              joblib: 1.3.2
2025-09-15 09:32:11,424:INFO:             sklearn: 1.4.2
2025-09-15 09:32:11,424:INFO:                pyod: 2.0.5
2025-09-15 09:32:11,424:INFO:            imblearn: 0.14.0
2025-09-15 09:32:11,424:INFO:   category_encoders: 2.7.0
2025-09-15 09:32:11,424:INFO:            lightgbm: 4.6.0
2025-09-15 09:32:11,424:INFO:               numba: 0.61.2
2025-09-15 09:32:11,424:INFO:            requests: 2.32.5
2025-09-15 09:32:11,424:INFO:          matplotlib: 3.7.5
2025-09-15 09:32:11,424:INFO:          scikitplot: 0.3.7
2025-09-15 09:32:11,424:INFO:         yellowbrick: 1.5
2025-09-15 09:32:11,425:INFO:              plotly: 6.3.0
2025-09-15 09:32:11,425:INFO:    plotly-resampler: Not installed
2025-09-15 09:32:11,425:INFO:             kaleido: 1.1.0
2025-09-15 09:32:11,425:INFO:           schemdraw: 0.15
2025-09-15 09:32:11,425:INFO:         statsmodels: 0.14.5
2025-09-15 09:32:11,425:INFO:              sktime: 0.26.0
2025-09-15 09:32:11,425:INFO:               tbats: 1.1.3
2025-09-15 09:32:11,425:INFO:            pmdarima: 2.0.4
2025-09-15 09:32:11,425:INFO:              psutil: 7.0.0
2025-09-15 09:32:11,425:INFO:          markupsafe: 3.0.2
2025-09-15 09:32:11,425:INFO:             pickle5: Not installed
2025-09-15 09:32:11,425:INFO:         cloudpickle: 3.1.1
2025-09-15 09:32:11,425:INFO:         deprecation: 2.1.0
2025-09-15 09:32:11,425:INFO:              xxhash: 3.5.0
2025-09-15 09:32:11,425:INFO:           wurlitzer: Not installed
2025-09-15 09:32:11,425:INFO:PyCaret optional dependencies:
2025-09-15 09:32:11,434:INFO:                shap: Not installed
2025-09-15 09:32:11,434:INFO:           interpret: Not installed
2025-09-15 09:32:11,435:INFO:                umap: Not installed
2025-09-15 09:32:11,435:INFO:     ydata_profiling: Not installed
2025-09-15 09:32:11,435:INFO:  explainerdashboard: Not installed
2025-09-15 09:32:11,435:INFO:             autoviz: Not installed
2025-09-15 09:32:11,435:INFO:           fairlearn: Not installed
2025-09-15 09:32:11,435:INFO:          deepchecks: Not installed
2025-09-15 09:32:11,435:INFO:             xgboost: Not installed
2025-09-15 09:32:11,435:INFO:            catboost: Not installed
2025-09-15 09:32:11,435:INFO:              kmodes: Not installed
2025-09-15 09:32:11,435:INFO:             mlxtend: Not installed
2025-09-15 09:32:11,435:INFO:       statsforecast: Not installed
2025-09-15 09:32:11,435:INFO:        tune_sklearn: Not installed
2025-09-15 09:32:11,435:INFO:                 ray: Not installed
2025-09-15 09:32:11,435:INFO:            hyperopt: Not installed
2025-09-15 09:32:11,435:INFO:              optuna: Not installed
2025-09-15 09:32:11,435:INFO:               skopt: Not installed
2025-09-15 09:32:11,435:INFO:              mlflow: Not installed
2025-09-15 09:32:11,435:INFO:              gradio: Not installed
2025-09-15 09:32:11,435:INFO:             fastapi: Not installed
2025-09-15 09:32:11,435:INFO:             uvicorn: Not installed
2025-09-15 09:32:11,435:INFO:              m2cgen: Not installed
2025-09-15 09:32:11,435:INFO:           evidently: Not installed
2025-09-15 09:32:11,435:INFO:               fugue: Not installed
2025-09-15 09:32:11,435:INFO:           streamlit: Not installed
2025-09-15 09:32:11,435:INFO:             prophet: Not installed
2025-09-15 09:32:11,435:INFO:None
2025-09-15 09:32:11,435:INFO:Set up data.
2025-09-15 09:32:11,438:INFO:Set up index.
2025-09-15 09:32:11,438:INFO:Assigning column types.
2025-09-15 09:32:11,439:INFO:Engine successfully changes for model 'kmeans' to 'sklearn'.
2025-09-15 09:32:11,758:INFO:Engine successfully changes for model 'dbscan' to 'sklearn'.
2025-09-15 09:32:11,760:INFO:Preparing preprocessing pipeline...
2025-09-15 09:32:11,761:INFO:Set up simple imputation.
2025-09-15 09:32:11,774:INFO:Finished creating preprocessing pipeline.
2025-09-15 09:32:11,777:INFO:Pipeline: Pipeline(memory=FastMemory(location=C:\Users\MYBOOK~1\AppData\Local\Temp\joblib),
         steps=[('numerical_imputer',
                 TransformerWrapper(include=['id', 'sepal_length',
                                             'sepal_width', 'petal_length',
                                             'petal_width'],
                                    transformer=SimpleImputer())),
                ('categorical_imputer',
                 TransformerWrapper(include=[],
                                    transformer=SimpleImputer(strategy='most_frequent')))])
2025-09-15 09:32:11,777:INFO:Creating final display dataframe.
2025-09-15 09:32:11,790:INFO:Setup _display_container:                Description                 Value
0               Session id                  1746
1      Original data shape              (150, 5)
2   Transformed data shape              (150, 5)
3         Numeric features                     5
4               Preprocess                  True
5          Imputation type                simple
6       Numeric imputation                  mean
7   Categorical imputation                  mode
8                 CPU Jobs                    -1
9                  Use GPU                 False
10          Log Experiment                 False
11         Experiment Name  anomaly-default-name
12                     USI                  bc37
2025-09-15 09:32:11,798:INFO:setup() successfully completed in 0.4s...............
2025-09-15 09:32:11,798:INFO:Initializing create_model()
2025-09-15 09:32:11,798:INFO:create_model(self=<pycaret.anomaly.oop.AnomalyExperiment object at 0x00000167E553B8D0>, estimator=abod, num_clusters=4, fraction=0.05, ground_truth=None, round=4, fit_kwargs=None, experiment_custom_tags=None, verbose=True, system=True, add_to_model_list=True, raise_num_clusters=False, display=None, kwargs={})
2025-09-15 09:32:11,798:INFO:Checking exceptions
2025-09-15 09:32:11,826:INFO:Importing untrained model
2025-09-15 09:32:11,829:INFO:Angle-base Outlier Detection Imported successfully
2025-09-15 09:32:11,833:INFO:Fitting Model
2025-09-15 09:32:13,211:INFO:ABOD(contamination=0.05, method='fast', n_neighbors=5)
2025-09-15 09:32:13,211:INFO:create_models() successfully completed......................................
2025-09-15 09:32:13,215:INFO:Uploading results into container
2025-09-15 09:32:13,216:INFO:Uploading model into container now
2025-09-15 09:32:13,217:INFO:_master_model_container: 1
2025-09-15 09:32:13,217:INFO:_display_container: 1
2025-09-15 09:32:13,219:INFO:ABOD(contamination=0.05, method='fast', n_neighbors=5)
2025-09-15 09:32:13,219:INFO:create_model() successfully completed......................................
2025-09-15 09:32:13,370:INFO:Initializing assign_model()
2025-09-15 09:32:13,370:INFO:assign_model(self=<pycaret.anomaly.oop.AnomalyExperiment object at 0x00000167E553B8D0>, model=ABOD(contamination=0.05, method='fast', n_neighbors=5), transformation=False, score=True, verbose=True)
2025-09-15 09:32:13,370:INFO:Checking exceptions
2025-09-15 09:32:13,371:INFO:Determining Trained Model
2025-09-15 09:32:13,371:INFO:Trained Model : Angle-base Outlier Detection
2025-09-15 09:32:13,371:INFO:Copying data
2025-09-15 09:32:13,373:INFO:(150, 7)
2025-09-15 09:32:13,373:INFO:assign_model() successfully completed......................................
